{"/root/ReactNativeApps/TicTacToeRN/App.js": {"path":"/root/ReactNativeApps/TicTacToeRN/App.js","statementMap":{"0":{"start":{"line":10,"column":4},"end":{"line":10,"column":17}},"1":{"start":{"line":12,"column":4},"end":{"line":22,"column":5}},"2":{"start":{"line":25,"column":19},"end":{"line":35,"column":3}},"3":{"start":{"line":26,"column":4},"end":{"line":34,"column":7}},"4":{"start":{"line":38,"column":23},"end":{"line":38,"column":56}},"5":{"start":{"line":39,"column":4},"end":{"line":39,"column":24}},"6":{"start":{"line":42,"column":23},"end":{"line":42,"column":50}},"7":{"start":{"line":43,"column":4},"end":{"line":54,"column":5}},"8":{"start":{"line":45,"column":6},"end":{"line":45,"column":15}},"9":{"start":{"line":47,"column":9},"end":{"line":54,"column":5}},"10":{"start":{"line":49,"column":6},"end":{"line":49,"column":16}},"11":{"start":{"line":53,"column":6},"end":{"line":53,"column":15}},"12":{"start":{"line":58,"column":4},"end":{"line":58,"column":26}},"13":{"start":{"line":62,"column":25},"end":{"line":65,"column":3}},"14":{"start":{"line":63,"column":23},"end":{"line":63,"column":56}},"15":{"start":{"line":64,"column":4},"end":{"line":64,"column":24}},"16":{"start":{"line":68,"column":16},"end":{"line":71,"column":3}},"17":{"start":{"line":69,"column":4},"end":{"line":69,"column":31}},"18":{"start":{"line":70,"column":4},"end":{"line":70,"column":26}},"19":{"start":{"line":73,"column":16},"end":{"line":101,"column":3}},"20":{"start":{"line":75,"column":4},"end":{"line":75,"column":55}},"21":{"start":{"line":75,"column":46},"end":{"line":75,"column":53}},"22":{"start":{"line":77,"column":24},"end":{"line":77,"column":48}},"23":{"start":{"line":80,"column":14},"end":{"line":80,"column":42}},"24":{"start":{"line":81,"column":4},"end":{"line":81,"column":33}},"25":{"start":{"line":82,"column":4},"end":{"line":82,"column":35}},"26":{"start":{"line":85,"column":21},"end":{"line":85,"column":50}},"27":{"start":{"line":86,"column":4},"end":{"line":86,"column":47}},"28":{"start":{"line":89,"column":17},"end":{"line":89,"column":33}},"29":{"start":{"line":90,"column":4},"end":{"line":99,"column":5}},"30":{"start":{"line":92,"column":6},"end":{"line":92,"column":44}},"31":{"start":{"line":93,"column":6},"end":{"line":93,"column":28}},"32":{"start":{"line":95,"column":9},"end":{"line":99,"column":5}},"33":{"start":{"line":97,"column":6},"end":{"line":97,"column":44}},"34":{"start":{"line":98,"column":6},"end":{"line":98,"column":28}},"35":{"start":{"line":103,"column":14},"end":{"line":156,"column":3}},"36":{"start":{"line":104,"column":22},"end":{"line":104,"column":41}},"37":{"start":{"line":105,"column":14},"end":{"line":105,"column":34}},"38":{"start":{"line":107,"column":12},"end":{"line":107,"column":13}},"39":{"start":{"line":110,"column":4},"end":{"line":120,"column":5}},"40":{"start":{"line":110,"column":14},"end":{"line":110,"column":15}},"41":{"start":{"line":112,"column":6},"end":{"line":112,"column":12}},"42":{"start":{"line":113,"column":6},"end":{"line":116,"column":7}},"43":{"start":{"line":113,"column":16},"end":{"line":113,"column":17}},"44":{"start":{"line":115,"column":8},"end":{"line":115,"column":24}},"45":{"start":{"line":117,"column":6},"end":{"line":118,"column":48}},"46":{"start":{"line":117,"column":28},"end":{"line":117,"column":36}},"47":{"start":{"line":118,"column":11},"end":{"line":118,"column":48}},"48":{"start":{"line":118,"column":38},"end":{"line":118,"column":47}},"49":{"start":{"line":124,"column":4},"end":{"line":133,"column":5}},"50":{"start":{"line":124,"column":14},"end":{"line":124,"column":15}},"51":{"start":{"line":126,"column":6},"end":{"line":126,"column":12}},"52":{"start":{"line":127,"column":6},"end":{"line":130,"column":7}},"53":{"start":{"line":127,"column":16},"end":{"line":127,"column":17}},"54":{"start":{"line":129,"column":8},"end":{"line":129,"column":24}},"55":{"start":{"line":131,"column":6},"end":{"line":132,"column":48}},"56":{"start":{"line":131,"column":28},"end":{"line":131,"column":36}},"57":{"start":{"line":132,"column":11},"end":{"line":132,"column":48}},"58":{"start":{"line":132,"column":38},"end":{"line":132,"column":47}},"59":{"start":{"line":137,"column":4},"end":{"line":137,"column":10}},"60":{"start":{"line":138,"column":4},"end":{"line":141,"column":5}},"61":{"start":{"line":138,"column":14},"end":{"line":138,"column":15}},"62":{"start":{"line":140,"column":8},"end":{"line":140,"column":23}},"63":{"start":{"line":142,"column":4},"end":{"line":143,"column":46}},"64":{"start":{"line":142,"column":26},"end":{"line":142,"column":34}},"65":{"start":{"line":143,"column":9},"end":{"line":143,"column":46}},"66":{"start":{"line":143,"column":36},"end":{"line":143,"column":45}},"67":{"start":{"line":145,"column":4},"end":{"line":145,"column":10}},"68":{"start":{"line":146,"column":10},"end":{"line":146,"column":11}},"69":{"start":{"line":147,"column":4},"end":{"line":153,"column":5}},"70":{"start":{"line":147,"column":14},"end":{"line":147,"column":25}},"71":{"start":{"line":150,"column":6},"end":{"line":150,"column":21}},"72":{"start":{"line":151,"column":6},"end":{"line":151,"column":10}},"73":{"start":{"line":154,"column":4},"end":{"line":155,"column":46}},"74":{"start":{"line":154,"column":26},"end":{"line":154,"column":34}},"75":{"start":{"line":155,"column":9},"end":{"line":155,"column":46}},"76":{"start":{"line":155,"column":36},"end":{"line":155,"column":45}},"77":{"start":{"line":160,"column":15},"end":{"line":168,"column":3}},"78":{"start":{"line":161,"column":16},"end":{"line":161,"column":46}},"79":{"start":{"line":162,"column":4},"end":{"line":167,"column":5}},"80":{"start":{"line":164,"column":14},"end":{"line":164,"column":63}},"81":{"start":{"line":165,"column":15},"end":{"line":165,"column":67}},"82":{"start":{"line":166,"column":16},"end":{"line":166,"column":31}},"83":{"start":{"line":170,"column":19},"end":{"line":170,"column":38}},"84":{"start":{"line":171,"column":4},"end":{"line":386,"column":5}},"85":{"start":{"line":173,"column":16},"end":{"line":218,"column":8}},"86":{"start":{"line":175,"column":52},"end":{"line":175,"column":71}},"87":{"start":{"line":176,"column":52},"end":{"line":176,"column":71}},"88":{"start":{"line":178,"column":45},"end":{"line":178,"column":66}},"89":{"start":{"line":182,"column":45},"end":{"line":182,"column":66}},"90":{"start":{"line":186,"column":45},"end":{"line":186,"column":66}},"91":{"start":{"line":193,"column":43},"end":{"line":193,"column":64}},"92":{"start":{"line":196,"column":43},"end":{"line":196,"column":64}},"93":{"start":{"line":199,"column":43},"end":{"line":199,"column":64}},"94":{"start":{"line":204,"column":43},"end":{"line":204,"column":64}},"95":{"start":{"line":207,"column":43},"end":{"line":207,"column":64}},"96":{"start":{"line":210,"column":43},"end":{"line":210,"column":64}},"97":{"start":{"line":215,"column":47},"end":{"line":215,"column":68}},"98":{"start":{"line":219,"column":17},"end":{"line":288,"column":8}},"99":{"start":{"line":221,"column":52},"end":{"line":221,"column":71}},"100":{"start":{"line":222,"column":52},"end":{"line":222,"column":71}},"101":{"start":{"line":224,"column":45},"end":{"line":224,"column":66}},"102":{"start":{"line":228,"column":45},"end":{"line":228,"column":66}},"103":{"start":{"line":232,"column":45},"end":{"line":232,"column":66}},"104":{"start":{"line":235,"column":45},"end":{"line":235,"column":66}},"105":{"start":{"line":242,"column":43},"end":{"line":242,"column":64}},"106":{"start":{"line":245,"column":43},"end":{"line":245,"column":64}},"107":{"start":{"line":248,"column":43},"end":{"line":248,"column":64}},"108":{"start":{"line":251,"column":43},"end":{"line":251,"column":64}},"109":{"start":{"line":256,"column":43},"end":{"line":256,"column":64}},"110":{"start":{"line":259,"column":43},"end":{"line":259,"column":64}},"111":{"start":{"line":262,"column":43},"end":{"line":262,"column":64}},"112":{"start":{"line":265,"column":43},"end":{"line":265,"column":64}},"113":{"start":{"line":270,"column":43},"end":{"line":270,"column":64}},"114":{"start":{"line":273,"column":43},"end":{"line":273,"column":64}},"115":{"start":{"line":276,"column":43},"end":{"line":276,"column":64}},"116":{"start":{"line":279,"column":43},"end":{"line":279,"column":64}},"117":{"start":{"line":284,"column":47},"end":{"line":284,"column":68}},"118":{"start":{"line":289,"column":14},"end":{"line":384,"column":8}},"119":{"start":{"line":291,"column":52},"end":{"line":291,"column":71}},"120":{"start":{"line":292,"column":52},"end":{"line":292,"column":71}},"121":{"start":{"line":294,"column":45},"end":{"line":294,"column":66}},"122":{"start":{"line":297,"column":45},"end":{"line":297,"column":66}},"123":{"start":{"line":300,"column":45},"end":{"line":300,"column":66}},"124":{"start":{"line":303,"column":45},"end":{"line":303,"column":66}},"125":{"start":{"line":306,"column":45},"end":{"line":306,"column":66}},"126":{"start":{"line":313,"column":43},"end":{"line":313,"column":64}},"127":{"start":{"line":316,"column":43},"end":{"line":316,"column":64}},"128":{"start":{"line":319,"column":43},"end":{"line":319,"column":64}},"129":{"start":{"line":322,"column":43},"end":{"line":322,"column":64}},"130":{"start":{"line":325,"column":43},"end":{"line":325,"column":64}},"131":{"start":{"line":330,"column":43},"end":{"line":330,"column":64}},"132":{"start":{"line":333,"column":43},"end":{"line":333,"column":64}},"133":{"start":{"line":336,"column":43},"end":{"line":336,"column":64}},"134":{"start":{"line":339,"column":43},"end":{"line":339,"column":64}},"135":{"start":{"line":342,"column":43},"end":{"line":342,"column":64}},"136":{"start":{"line":347,"column":43},"end":{"line":347,"column":64}},"137":{"start":{"line":350,"column":43},"end":{"line":350,"column":64}},"138":{"start":{"line":353,"column":43},"end":{"line":353,"column":64}},"139":{"start":{"line":356,"column":43},"end":{"line":356,"column":64}},"140":{"start":{"line":359,"column":43},"end":{"line":359,"column":64}},"141":{"start":{"line":364,"column":43},"end":{"line":364,"column":64}},"142":{"start":{"line":367,"column":43},"end":{"line":367,"column":64}},"143":{"start":{"line":370,"column":43},"end":{"line":370,"column":64}},"144":{"start":{"line":373,"column":43},"end":{"line":373,"column":64}},"145":{"start":{"line":376,"column":43},"end":{"line":376,"column":64}},"146":{"start":{"line":381,"column":47},"end":{"line":381,"column":68}},"147":{"start":{"line":388,"column":4},"end":{"line":388,"column":16}},"148":{"start":{"line":393,"column":15},"end":{"line":416,"column":2}}},"fnMap":{"0":{"name":"(anonymous_0)","decl":{"start":{"line":9,"column":2},"end":{"line":9,"column":3}},"loc":{"start":{"line":9,"column":21},"end":{"line":23,"column":3}},"line":9},"1":{"name":"(anonymous_1)","decl":{"start":{"line":25,"column":19},"end":{"line":25,"column":20}},"loc":{"start":{"line":25,"column":25},"end":{"line":35,"column":3}},"line":25},"2":{"name":"(anonymous_2)","decl":{"start":{"line":37,"column":2},"end":{"line":37,"column":3}},"loc":{"start":{"line":37,"column":25},"end":{"line":40,"column":3}},"line":37},"3":{"name":"(anonymous_3)","decl":{"start":{"line":41,"column":2},"end":{"line":41,"column":3}},"loc":{"start":{"line":41,"column":21},"end":{"line":56,"column":3}},"line":41},"4":{"name":"(anonymous_4)","decl":{"start":{"line":57,"column":2},"end":{"line":57,"column":3}},"loc":{"start":{"line":57,"column":22},"end":{"line":59,"column":3}},"line":57},"5":{"name":"(anonymous_5)","decl":{"start":{"line":62,"column":25},"end":{"line":62,"column":26}},"loc":{"start":{"line":62,"column":31},"end":{"line":65,"column":3}},"line":62},"6":{"name":"(anonymous_6)","decl":{"start":{"line":68,"column":16},"end":{"line":68,"column":17}},"loc":{"start":{"line":68,"column":25},"end":{"line":71,"column":3}},"line":68},"7":{"name":"(anonymous_7)","decl":{"start":{"line":73,"column":16},"end":{"line":73,"column":17}},"loc":{"start":{"line":73,"column":29},"end":{"line":101,"column":3}},"line":73},"8":{"name":"(anonymous_8)","decl":{"start":{"line":103,"column":14},"end":{"line":103,"column":15}},"loc":{"start":{"line":103,"column":19},"end":{"line":156,"column":3}},"line":103},"9":{"name":"(anonymous_9)","decl":{"start":{"line":160,"column":15},"end":{"line":160,"column":16}},"loc":{"start":{"line":160,"column":28},"end":{"line":168,"column":3}},"line":160},"10":{"name":"(anonymous_10)","decl":{"start":{"line":169,"column":2},"end":{"line":169,"column":3}},"loc":{"start":{"line":169,"column":11},"end":{"line":390,"column":3}},"line":169},"11":{"name":"(anonymous_11)","decl":{"start":{"line":175,"column":47},"end":{"line":175,"column":48}},"loc":{"start":{"line":175,"column":52},"end":{"line":175,"column":71}},"line":175},"12":{"name":"(anonymous_12)","decl":{"start":{"line":176,"column":47},"end":{"line":176,"column":48}},"loc":{"start":{"line":176,"column":52},"end":{"line":176,"column":71}},"line":176},"13":{"name":"(anonymous_13)","decl":{"start":{"line":178,"column":39},"end":{"line":178,"column":40}},"loc":{"start":{"line":178,"column":45},"end":{"line":178,"column":66}},"line":178},"14":{"name":"(anonymous_14)","decl":{"start":{"line":182,"column":39},"end":{"line":182,"column":40}},"loc":{"start":{"line":182,"column":45},"end":{"line":182,"column":66}},"line":182},"15":{"name":"(anonymous_15)","decl":{"start":{"line":186,"column":39},"end":{"line":186,"column":40}},"loc":{"start":{"line":186,"column":45},"end":{"line":186,"column":66}},"line":186},"16":{"name":"(anonymous_16)","decl":{"start":{"line":193,"column":37},"end":{"line":193,"column":38}},"loc":{"start":{"line":193,"column":43},"end":{"line":193,"column":64}},"line":193},"17":{"name":"(anonymous_17)","decl":{"start":{"line":196,"column":37},"end":{"line":196,"column":38}},"loc":{"start":{"line":196,"column":43},"end":{"line":196,"column":64}},"line":196},"18":{"name":"(anonymous_18)","decl":{"start":{"line":199,"column":37},"end":{"line":199,"column":38}},"loc":{"start":{"line":199,"column":43},"end":{"line":199,"column":64}},"line":199},"19":{"name":"(anonymous_19)","decl":{"start":{"line":204,"column":37},"end":{"line":204,"column":38}},"loc":{"start":{"line":204,"column":43},"end":{"line":204,"column":64}},"line":204},"20":{"name":"(anonymous_20)","decl":{"start":{"line":207,"column":37},"end":{"line":207,"column":38}},"loc":{"start":{"line":207,"column":43},"end":{"line":207,"column":64}},"line":207},"21":{"name":"(anonymous_21)","decl":{"start":{"line":210,"column":37},"end":{"line":210,"column":38}},"loc":{"start":{"line":210,"column":43},"end":{"line":210,"column":64}},"line":210},"22":{"name":"(anonymous_22)","decl":{"start":{"line":215,"column":42},"end":{"line":215,"column":43}},"loc":{"start":{"line":215,"column":47},"end":{"line":215,"column":68}},"line":215},"23":{"name":"(anonymous_23)","decl":{"start":{"line":221,"column":47},"end":{"line":221,"column":48}},"loc":{"start":{"line":221,"column":52},"end":{"line":221,"column":71}},"line":221},"24":{"name":"(anonymous_24)","decl":{"start":{"line":222,"column":47},"end":{"line":222,"column":48}},"loc":{"start":{"line":222,"column":52},"end":{"line":222,"column":71}},"line":222},"25":{"name":"(anonymous_25)","decl":{"start":{"line":224,"column":39},"end":{"line":224,"column":40}},"loc":{"start":{"line":224,"column":45},"end":{"line":224,"column":66}},"line":224},"26":{"name":"(anonymous_26)","decl":{"start":{"line":228,"column":39},"end":{"line":228,"column":40}},"loc":{"start":{"line":228,"column":45},"end":{"line":228,"column":66}},"line":228},"27":{"name":"(anonymous_27)","decl":{"start":{"line":232,"column":39},"end":{"line":232,"column":40}},"loc":{"start":{"line":232,"column":45},"end":{"line":232,"column":66}},"line":232},"28":{"name":"(anonymous_28)","decl":{"start":{"line":235,"column":39},"end":{"line":235,"column":40}},"loc":{"start":{"line":235,"column":45},"end":{"line":235,"column":66}},"line":235},"29":{"name":"(anonymous_29)","decl":{"start":{"line":242,"column":37},"end":{"line":242,"column":38}},"loc":{"start":{"line":242,"column":43},"end":{"line":242,"column":64}},"line":242},"30":{"name":"(anonymous_30)","decl":{"start":{"line":245,"column":37},"end":{"line":245,"column":38}},"loc":{"start":{"line":245,"column":43},"end":{"line":245,"column":64}},"line":245},"31":{"name":"(anonymous_31)","decl":{"start":{"line":248,"column":37},"end":{"line":248,"column":38}},"loc":{"start":{"line":248,"column":43},"end":{"line":248,"column":64}},"line":248},"32":{"name":"(anonymous_32)","decl":{"start":{"line":251,"column":37},"end":{"line":251,"column":38}},"loc":{"start":{"line":251,"column":43},"end":{"line":251,"column":64}},"line":251},"33":{"name":"(anonymous_33)","decl":{"start":{"line":256,"column":37},"end":{"line":256,"column":38}},"loc":{"start":{"line":256,"column":43},"end":{"line":256,"column":64}},"line":256},"34":{"name":"(anonymous_34)","decl":{"start":{"line":259,"column":37},"end":{"line":259,"column":38}},"loc":{"start":{"line":259,"column":43},"end":{"line":259,"column":64}},"line":259},"35":{"name":"(anonymous_35)","decl":{"start":{"line":262,"column":37},"end":{"line":262,"column":38}},"loc":{"start":{"line":262,"column":43},"end":{"line":262,"column":64}},"line":262},"36":{"name":"(anonymous_36)","decl":{"start":{"line":265,"column":37},"end":{"line":265,"column":38}},"loc":{"start":{"line":265,"column":43},"end":{"line":265,"column":64}},"line":265},"37":{"name":"(anonymous_37)","decl":{"start":{"line":270,"column":37},"end":{"line":270,"column":38}},"loc":{"start":{"line":270,"column":43},"end":{"line":270,"column":64}},"line":270},"38":{"name":"(anonymous_38)","decl":{"start":{"line":273,"column":37},"end":{"line":273,"column":38}},"loc":{"start":{"line":273,"column":43},"end":{"line":273,"column":64}},"line":273},"39":{"name":"(anonymous_39)","decl":{"start":{"line":276,"column":37},"end":{"line":276,"column":38}},"loc":{"start":{"line":276,"column":43},"end":{"line":276,"column":64}},"line":276},"40":{"name":"(anonymous_40)","decl":{"start":{"line":279,"column":37},"end":{"line":279,"column":38}},"loc":{"start":{"line":279,"column":43},"end":{"line":279,"column":64}},"line":279},"41":{"name":"(anonymous_41)","decl":{"start":{"line":284,"column":42},"end":{"line":284,"column":43}},"loc":{"start":{"line":284,"column":47},"end":{"line":284,"column":68}},"line":284},"42":{"name":"(anonymous_42)","decl":{"start":{"line":291,"column":47},"end":{"line":291,"column":48}},"loc":{"start":{"line":291,"column":52},"end":{"line":291,"column":71}},"line":291},"43":{"name":"(anonymous_43)","decl":{"start":{"line":292,"column":47},"end":{"line":292,"column":48}},"loc":{"start":{"line":292,"column":52},"end":{"line":292,"column":71}},"line":292},"44":{"name":"(anonymous_44)","decl":{"start":{"line":294,"column":39},"end":{"line":294,"column":40}},"loc":{"start":{"line":294,"column":45},"end":{"line":294,"column":66}},"line":294},"45":{"name":"(anonymous_45)","decl":{"start":{"line":297,"column":39},"end":{"line":297,"column":40}},"loc":{"start":{"line":297,"column":45},"end":{"line":297,"column":66}},"line":297},"46":{"name":"(anonymous_46)","decl":{"start":{"line":300,"column":39},"end":{"line":300,"column":40}},"loc":{"start":{"line":300,"column":45},"end":{"line":300,"column":66}},"line":300},"47":{"name":"(anonymous_47)","decl":{"start":{"line":303,"column":39},"end":{"line":303,"column":40}},"loc":{"start":{"line":303,"column":45},"end":{"line":303,"column":66}},"line":303},"48":{"name":"(anonymous_48)","decl":{"start":{"line":306,"column":39},"end":{"line":306,"column":40}},"loc":{"start":{"line":306,"column":45},"end":{"line":306,"column":66}},"line":306},"49":{"name":"(anonymous_49)","decl":{"start":{"line":313,"column":37},"end":{"line":313,"column":38}},"loc":{"start":{"line":313,"column":43},"end":{"line":313,"column":64}},"line":313},"50":{"name":"(anonymous_50)","decl":{"start":{"line":316,"column":37},"end":{"line":316,"column":38}},"loc":{"start":{"line":316,"column":43},"end":{"line":316,"column":64}},"line":316},"51":{"name":"(anonymous_51)","decl":{"start":{"line":319,"column":37},"end":{"line":319,"column":38}},"loc":{"start":{"line":319,"column":43},"end":{"line":319,"column":64}},"line":319},"52":{"name":"(anonymous_52)","decl":{"start":{"line":322,"column":37},"end":{"line":322,"column":38}},"loc":{"start":{"line":322,"column":43},"end":{"line":322,"column":64}},"line":322},"53":{"name":"(anonymous_53)","decl":{"start":{"line":325,"column":37},"end":{"line":325,"column":38}},"loc":{"start":{"line":325,"column":43},"end":{"line":325,"column":64}},"line":325},"54":{"name":"(anonymous_54)","decl":{"start":{"line":330,"column":37},"end":{"line":330,"column":38}},"loc":{"start":{"line":330,"column":43},"end":{"line":330,"column":64}},"line":330},"55":{"name":"(anonymous_55)","decl":{"start":{"line":333,"column":37},"end":{"line":333,"column":38}},"loc":{"start":{"line":333,"column":43},"end":{"line":333,"column":64}},"line":333},"56":{"name":"(anonymous_56)","decl":{"start":{"line":336,"column":37},"end":{"line":336,"column":38}},"loc":{"start":{"line":336,"column":43},"end":{"line":336,"column":64}},"line":336},"57":{"name":"(anonymous_57)","decl":{"start":{"line":339,"column":37},"end":{"line":339,"column":38}},"loc":{"start":{"line":339,"column":43},"end":{"line":339,"column":64}},"line":339},"58":{"name":"(anonymous_58)","decl":{"start":{"line":342,"column":37},"end":{"line":342,"column":38}},"loc":{"start":{"line":342,"column":43},"end":{"line":342,"column":64}},"line":342},"59":{"name":"(anonymous_59)","decl":{"start":{"line":347,"column":37},"end":{"line":347,"column":38}},"loc":{"start":{"line":347,"column":43},"end":{"line":347,"column":64}},"line":347},"60":{"name":"(anonymous_60)","decl":{"start":{"line":350,"column":37},"end":{"line":350,"column":38}},"loc":{"start":{"line":350,"column":43},"end":{"line":350,"column":64}},"line":350},"61":{"name":"(anonymous_61)","decl":{"start":{"line":353,"column":37},"end":{"line":353,"column":38}},"loc":{"start":{"line":353,"column":43},"end":{"line":353,"column":64}},"line":353},"62":{"name":"(anonymous_62)","decl":{"start":{"line":356,"column":37},"end":{"line":356,"column":38}},"loc":{"start":{"line":356,"column":43},"end":{"line":356,"column":64}},"line":356},"63":{"name":"(anonymous_63)","decl":{"start":{"line":359,"column":37},"end":{"line":359,"column":38}},"loc":{"start":{"line":359,"column":43},"end":{"line":359,"column":64}},"line":359},"64":{"name":"(anonymous_64)","decl":{"start":{"line":364,"column":37},"end":{"line":364,"column":38}},"loc":{"start":{"line":364,"column":43},"end":{"line":364,"column":64}},"line":364},"65":{"name":"(anonymous_65)","decl":{"start":{"line":367,"column":37},"end":{"line":367,"column":38}},"loc":{"start":{"line":367,"column":43},"end":{"line":367,"column":64}},"line":367},"66":{"name":"(anonymous_66)","decl":{"start":{"line":370,"column":37},"end":{"line":370,"column":38}},"loc":{"start":{"line":370,"column":43},"end":{"line":370,"column":64}},"line":370},"67":{"name":"(anonymous_67)","decl":{"start":{"line":373,"column":37},"end":{"line":373,"column":38}},"loc":{"start":{"line":373,"column":43},"end":{"line":373,"column":64}},"line":373},"68":{"name":"(anonymous_68)","decl":{"start":{"line":376,"column":37},"end":{"line":376,"column":38}},"loc":{"start":{"line":376,"column":43},"end":{"line":376,"column":64}},"line":376},"69":{"name":"(anonymous_69)","decl":{"start":{"line":381,"column":42},"end":{"line":381,"column":43}},"loc":{"start":{"line":381,"column":47},"end":{"line":381,"column":68}},"line":381}},"branchMap":{"0":{"loc":{"start":{"line":43,"column":4},"end":{"line":54,"column":5}},"type":"if","locations":[{"start":{"line":43,"column":4},"end":{"line":54,"column":5}},{"start":{"line":43,"column":4},"end":{"line":54,"column":5}}],"line":43},"1":{"loc":{"start":{"line":47,"column":9},"end":{"line":54,"column":5}},"type":"if","locations":[{"start":{"line":47,"column":9},"end":{"line":54,"column":5}},{"start":{"line":47,"column":9},"end":{"line":54,"column":5}}],"line":47},"2":{"loc":{"start":{"line":75,"column":4},"end":{"line":75,"column":55}},"type":"if","locations":[{"start":{"line":75,"column":4},"end":{"line":75,"column":55}},{"start":{"line":75,"column":4},"end":{"line":75,"column":55}}],"line":75},"3":{"loc":{"start":{"line":85,"column":21},"end":{"line":85,"column":50}},"type":"cond-expr","locations":[{"start":{"line":85,"column":44},"end":{"line":85,"column":46}},{"start":{"line":85,"column":49},"end":{"line":85,"column":50}}],"line":85},"4":{"loc":{"start":{"line":90,"column":4},"end":{"line":99,"column":5}},"type":"if","locations":[{"start":{"line":90,"column":4},"end":{"line":99,"column":5}},{"start":{"line":90,"column":4},"end":{"line":99,"column":5}}],"line":90},"5":{"loc":{"start":{"line":95,"column":9},"end":{"line":99,"column":5}},"type":"if","locations":[{"start":{"line":95,"column":9},"end":{"line":99,"column":5}},{"start":{"line":95,"column":9},"end":{"line":99,"column":5}}],"line":95},"6":{"loc":{"start":{"line":117,"column":6},"end":{"line":118,"column":48}},"type":"if","locations":[{"start":{"line":117,"column":6},"end":{"line":118,"column":48}},{"start":{"line":117,"column":6},"end":{"line":118,"column":48}}],"line":117},"7":{"loc":{"start":{"line":118,"column":11},"end":{"line":118,"column":48}},"type":"if","locations":[{"start":{"line":118,"column":11},"end":{"line":118,"column":48}},{"start":{"line":118,"column":11},"end":{"line":118,"column":48}}],"line":118},"8":{"loc":{"start":{"line":131,"column":6},"end":{"line":132,"column":48}},"type":"if","locations":[{"start":{"line":131,"column":6},"end":{"line":132,"column":48}},{"start":{"line":131,"column":6},"end":{"line":132,"column":48}}],"line":131},"9":{"loc":{"start":{"line":132,"column":11},"end":{"line":132,"column":48}},"type":"if","locations":[{"start":{"line":132,"column":11},"end":{"line":132,"column":48}},{"start":{"line":132,"column":11},"end":{"line":132,"column":48}}],"line":132},"10":{"loc":{"start":{"line":142,"column":4},"end":{"line":143,"column":46}},"type":"if","locations":[{"start":{"line":142,"column":4},"end":{"line":143,"column":46}},{"start":{"line":142,"column":4},"end":{"line":143,"column":46}}],"line":142},"11":{"loc":{"start":{"line":143,"column":9},"end":{"line":143,"column":46}},"type":"if","locations":[{"start":{"line":143,"column":9},"end":{"line":143,"column":46}},{"start":{"line":143,"column":9},"end":{"line":143,"column":46}}],"line":143},"12":{"loc":{"start":{"line":154,"column":4},"end":{"line":155,"column":46}},"type":"if","locations":[{"start":{"line":154,"column":4},"end":{"line":155,"column":46}},{"start":{"line":154,"column":4},"end":{"line":155,"column":46}}],"line":154},"13":{"loc":{"start":{"line":155,"column":9},"end":{"line":155,"column":46}},"type":"if","locations":[{"start":{"line":155,"column":9},"end":{"line":155,"column":46}},{"start":{"line":155,"column":9},"end":{"line":155,"column":46}}],"line":155},"14":{"loc":{"start":{"line":162,"column":4},"end":{"line":167,"column":5}},"type":"switch","locations":[{"start":{"line":164,"column":6},"end":{"line":164,"column":63}},{"start":{"line":165,"column":6},"end":{"line":165,"column":67}},{"start":{"line":166,"column":6},"end":{"line":166,"column":31}}],"line":162},"15":{"loc":{"start":{"line":171,"column":4},"end":{"line":386,"column":5}},"type":"switch","locations":[{"start":{"line":173,"column":6},"end":{"line":218,"column":8}},{"start":{"line":219,"column":6},"end":{"line":288,"column":8}},{"start":{"line":289,"column":6},"end":{"line":384,"column":8}}],"line":171}},"s":{"0":6,"1":6,"2":6,"3":10,"4":0,"5":0,"6":7,"7":7,"8":3,"9":4,"10":4,"11":0,"12":6,"13":6,"14":7,"15":7,"16":6,"17":3,"18":3,"19":6,"20":0,"21":0,"22":0,"23":0,"24":0,"25":0,"26":0,"27":0,"28":0,"29":0,"30":0,"31":0,"32":0,"33":0,"34":0,"35":6,"36":18,"37":18,"38":18,"39":18,"40":18,"41":54,"42":54,"43":54,"44":224,"45":54,"46":3,"47":51,"48":3,"49":12,"50":12,"51":30,"52":30,"53":30,"54":124,"55":30,"56":3,"57":27,"58":3,"59":6,"60":6,"61":6,"62":24,"63":6,"64":3,"65":3,"66":3,"67":0,"68":0,"69":0,"70":0,"71":0,"72":0,"73":0,"74":0,"75":0,"76":0,"77":6,"78":476,"79":476,"80":39,"81":36,"82":401,"83":35,"84":35,"85":21,"86":0,"87":0,"88":0,"89":0,"90":0,"91":0,"92":0,"93":0,"94":0,"95":0,"96":0,"97":0,"98":7,"99":0,"100":0,"101":0,"102":0,"103":0,"104":0,"105":0,"106":0,"107":0,"108":0,"109":0,"110":0,"111":0,"112":0,"113":0,"114":0,"115":0,"116":0,"117":0,"118":7,"119":0,"120":0,"121":0,"122":0,"123":0,"124":0,"125":0,"126":0,"127":0,"128":0,"129":0,"130":0,"131":0,"132":0,"133":0,"134":0,"135":0,"136":0,"137":0,"138":0,"139":0,"140":0,"141":0,"142":0,"143":0,"144":0,"145":0,"146":0,"147":0,"148":1},"f":{"0":6,"1":10,"2":0,"3":7,"4":6,"5":7,"6":3,"7":0,"8":18,"9":476,"10":35,"11":0,"12":0,"13":0,"14":0,"15":0,"16":0,"17":0,"18":0,"19":0,"20":0,"21":0,"22":0,"23":0,"24":0,"25":0,"26":0,"27":0,"28":0,"29":0,"30":0,"31":0,"32":0,"33":0,"34":0,"35":0,"36":0,"37":0,"38":0,"39":0,"40":0,"41":0,"42":0,"43":0,"44":0,"45":0,"46":0,"47":0,"48":0,"49":0,"50":0,"51":0,"52":0,"53":0,"54":0,"55":0,"56":0,"57":0,"58":0,"59":0,"60":0,"61":0,"62":0,"63":0,"64":0,"65":0,"66":0,"67":0,"68":0,"69":0},"b":{"0":[3,4],"1":[4,0],"2":[0,0],"3":[0,0],"4":[0,0],"5":[0,0],"6":[3,51],"7":[3,48],"8":[3,27],"9":[3,24],"10":[3,3],"11":[3,0],"12":[0,0],"13":[0,0],"14":[39,36,401],"15":[21,7,7]},"_coverageSchema":"43e27e138ebf9cfc5966b082cf9a028302ed4184","hash":"914c26783804fed4b71f54335f485a170b238673"}
,"/root/ReactNativeApps/TicTacToeRN/index.js": {"path":"/root/ReactNativeApps/TicTacToeRN/index.js","statementMap":{"0":{"start":{"line":9,"column":0},"end":{"line":9,"column":50}},"1":{"start":{"line":9,"column":45},"end":{"line":9,"column":48}}},"fnMap":{"0":{"name":"(anonymous_0)","decl":{"start":{"line":9,"column":39},"end":{"line":9,"column":40}},"loc":{"start":{"line":9,"column":45},"end":{"line":9,"column":48}},"line":9}},"branchMap":{},"s":{"0":0,"1":0},"f":{"0":0},"b":{},"hash":"743588128298d3b91b3d1d27a7fb79168e0a67f9"}
,"/root/ReactNativeApps/TicTacToeRN/metro.config.js": {"path":"/root/ReactNativeApps/TicTacToeRN/metro.config.js","statementMap":{"0":{"start":{"line":8,"column":0},"end":{"line":17,"column":2}},"1":{"start":{"line":10,"column":38},"end":{"line":15,"column":5}}},"fnMap":{"0":{"name":"(anonymous_0)","decl":{"start":{"line":10,"column":25},"end":{"line":10,"column":26}},"loc":{"start":{"line":10,"column":38},"end":{"line":15,"column":5}},"line":10}},"branchMap":{},"s":{"0":0,"1":0},"f":{"0":0},"b":{},"hash":"fb5b2119275e42384683d4b2fcc7a327fd4e00e8"}
}
