TN:
SF:/root/ReactNativeApps/TicTacToeRN/App.js
FN:9,(anonymous_0)
FN:25,(anonymous_1)
FN:37,(anonymous_2)
FN:41,(anonymous_3)
FN:57,(anonymous_4)
FN:62,(anonymous_5)
FN:68,(anonymous_6)
FN:73,(anonymous_7)
FN:103,(anonymous_8)
FN:160,(anonymous_9)
FN:169,(anonymous_10)
FN:175,(anonymous_11)
FN:176,(anonymous_12)
FN:178,(anonymous_13)
FN:182,(anonymous_14)
FN:186,(anonymous_15)
FN:193,(anonymous_16)
FN:196,(anonymous_17)
FN:199,(anonymous_18)
FN:204,(anonymous_19)
FN:207,(anonymous_20)
FN:210,(anonymous_21)
FN:215,(anonymous_22)
FN:221,(anonymous_23)
FN:222,(anonymous_24)
FN:224,(anonymous_25)
FN:228,(anonymous_26)
FN:232,(anonymous_27)
FN:235,(anonymous_28)
FN:242,(anonymous_29)
FN:245,(anonymous_30)
FN:248,(anonymous_31)
FN:251,(anonymous_32)
FN:256,(anonymous_33)
FN:259,(anonymous_34)
FN:262,(anonymous_35)
FN:265,(anonymous_36)
FN:270,(anonymous_37)
FN:273,(anonymous_38)
FN:276,(anonymous_39)
FN:279,(anonymous_40)
FN:284,(anonymous_41)
FN:291,(anonymous_42)
FN:292,(anonymous_43)
FN:294,(anonymous_44)
FN:297,(anonymous_45)
FN:300,(anonymous_46)
FN:303,(anonymous_47)
FN:306,(anonymous_48)
FN:313,(anonymous_49)
FN:316,(anonymous_50)
FN:319,(anonymous_51)
FN:322,(anonymous_52)
FN:325,(anonymous_53)
FN:330,(anonymous_54)
FN:333,(anonymous_55)
FN:336,(anonymous_56)
FN:339,(anonymous_57)
FN:342,(anonymous_58)
FN:347,(anonymous_59)
FN:350,(anonymous_60)
FN:353,(anonymous_61)
FN:356,(anonymous_62)
FN:359,(anonymous_63)
FN:364,(anonymous_64)
FN:367,(anonymous_65)
FN:370,(anonymous_66)
FN:373,(anonymous_67)
FN:376,(anonymous_68)
FN:381,(anonymous_69)
FNF:70
FNH:9
FNDA:6,(anonymous_0)
FNDA:10,(anonymous_1)
FNDA:0,(anonymous_2)
FNDA:7,(anonymous_3)
FNDA:6,(anonymous_4)
FNDA:7,(anonymous_5)
FNDA:3,(anonymous_6)
FNDA:0,(anonymous_7)
FNDA:18,(anonymous_8)
FNDA:476,(anonymous_9)
FNDA:35,(anonymous_10)
FNDA:0,(anonymous_11)
FNDA:0,(anonymous_12)
FNDA:0,(anonymous_13)
FNDA:0,(anonymous_14)
FNDA:0,(anonymous_15)
FNDA:0,(anonymous_16)
FNDA:0,(anonymous_17)
FNDA:0,(anonymous_18)
FNDA:0,(anonymous_19)
FNDA:0,(anonymous_20)
FNDA:0,(anonymous_21)
FNDA:0,(anonymous_22)
FNDA:0,(anonymous_23)
FNDA:0,(anonymous_24)
FNDA:0,(anonymous_25)
FNDA:0,(anonymous_26)
FNDA:0,(anonymous_27)
FNDA:0,(anonymous_28)
FNDA:0,(anonymous_29)
FNDA:0,(anonymous_30)
FNDA:0,(anonymous_31)
FNDA:0,(anonymous_32)
FNDA:0,(anonymous_33)
FNDA:0,(anonymous_34)
FNDA:0,(anonymous_35)
FNDA:0,(anonymous_36)
FNDA:0,(anonymous_37)
FNDA:0,(anonymous_38)
FNDA:0,(anonymous_39)
FNDA:0,(anonymous_40)
FNDA:0,(anonymous_41)
FNDA:0,(anonymous_42)
FNDA:0,(anonymous_43)
FNDA:0,(anonymous_44)
FNDA:0,(anonymous_45)
FNDA:0,(anonymous_46)
FNDA:0,(anonymous_47)
FNDA:0,(anonymous_48)
FNDA:0,(anonymous_49)
FNDA:0,(anonymous_50)
FNDA:0,(anonymous_51)
FNDA:0,(anonymous_52)
FNDA:0,(anonymous_53)
FNDA:0,(anonymous_54)
FNDA:0,(anonymous_55)
FNDA:0,(anonymous_56)
FNDA:0,(anonymous_57)
FNDA:0,(anonymous_58)
FNDA:0,(anonymous_59)
FNDA:0,(anonymous_60)
FNDA:0,(anonymous_61)
FNDA:0,(anonymous_62)
FNDA:0,(anonymous_63)
FNDA:0,(anonymous_64)
FNDA:0,(anonymous_65)
FNDA:0,(anonymous_66)
FNDA:0,(anonymous_67)
FNDA:0,(anonymous_68)
FNDA:0,(anonymous_69)
DA:10,6
DA:12,6
DA:25,6
DA:26,10
DA:38,0
DA:39,0
DA:42,7
DA:43,7
DA:45,3
DA:47,4
DA:49,4
DA:53,0
DA:58,6
DA:62,6
DA:63,7
DA:64,7
DA:68,6
DA:69,3
DA:70,3
DA:73,6
DA:75,0
DA:77,0
DA:80,0
DA:81,0
DA:82,0
DA:85,0
DA:86,0
DA:89,0
DA:90,0
DA:92,0
DA:93,0
DA:95,0
DA:97,0
DA:98,0
DA:103,6
DA:104,18
DA:105,18
DA:107,18
DA:110,18
DA:112,54
DA:113,54
DA:115,224
DA:117,54
DA:118,51
DA:124,12
DA:126,30
DA:127,30
DA:129,124
DA:131,30
DA:132,27
DA:137,6
DA:138,6
DA:140,24
DA:142,6
DA:143,3
DA:145,0
DA:146,0
DA:147,0
DA:150,0
DA:151,0
DA:154,0
DA:155,0
DA:160,6
DA:161,476
DA:162,476
DA:164,39
DA:165,36
DA:166,401
DA:170,35
DA:171,35
DA:173,21
DA:175,0
DA:176,0
DA:178,0
DA:182,0
DA:186,0
DA:193,0
DA:196,0
DA:199,0
DA:204,0
DA:207,0
DA:210,0
DA:215,0
DA:219,7
DA:221,0
DA:222,0
DA:224,0
DA:228,0
DA:232,0
DA:235,0
DA:242,0
DA:245,0
DA:248,0
DA:251,0
DA:256,0
DA:259,0
DA:262,0
DA:265,0
DA:270,0
DA:273,0
DA:276,0
DA:279,0
DA:284,0
DA:289,7
DA:291,0
DA:292,0
DA:294,0
DA:297,0
DA:300,0
DA:303,0
DA:306,0
DA:313,0
DA:316,0
DA:319,0
DA:322,0
DA:325,0
DA:330,0
DA:333,0
DA:336,0
DA:339,0
DA:342,0
DA:347,0
DA:350,0
DA:353,0
DA:356,0
DA:359,0
DA:364,0
DA:367,0
DA:370,0
DA:373,0
DA:376,0
DA:381,0
DA:388,0
DA:393,1
LF:134
LH:50
BRDA:43,0,0,3
BRDA:43,0,1,4
BRDA:47,1,0,4
BRDA:47,1,1,0
BRDA:75,2,0,0
BRDA:75,2,1,0
BRDA:85,3,0,0
BRDA:85,3,1,0
BRDA:90,4,0,0
BRDA:90,4,1,0
BRDA:95,5,0,0
BRDA:95,5,1,0
BRDA:117,6,0,3
BRDA:117,6,1,51
BRDA:118,7,0,3
BRDA:118,7,1,48
BRDA:131,8,0,3
BRDA:131,8,1,27
BRDA:132,9,0,3
BRDA:132,9,1,24
BRDA:142,10,0,3
BRDA:142,10,1,3
BRDA:143,11,0,3
BRDA:143,11,1,0
BRDA:154,12,0,0
BRDA:154,12,1,0
BRDA:155,13,0,0
BRDA:155,13,1,0
BRDA:162,14,0,39
BRDA:162,14,1,36
BRDA:162,14,2,401
BRDA:171,15,0,21
BRDA:171,15,1,7
BRDA:171,15,2,7
BRF:34
BRH:20
end_of_record
TN:
SF:/root/ReactNativeApps/TicTacToeRN/index.js
FN:9,(anonymous_0)
FNF:1
FNH:0
FNDA:0,(anonymous_0)
DA:9,0
LF:1
LH:0
BRF:0
BRH:0
end_of_record
TN:
SF:/root/ReactNativeApps/TicTacToeRN/metro.config.js
FN:10,(anonymous_0)
FNF:1
FNH:0
FNDA:0,(anonymous_0)
DA:8,0
DA:10,0
LF:2
LH:0
BRF:0
BRH:0
end_of_record
